  bg.cpp
  boss.cpp
  bossbullet.cpp
G:\okul\GP11\space-forces\source\private\bossbullet.cpp(170,33): warning C4244: '+=': conversion from 'float' to 'int', possible loss of data
G:\okul\GP11\space-forces\source\private\bossbullet.cpp(173,33): warning C4244: '=': conversion from 'float' to 'int', possible loss of data
G:\okul\GP11\space-forces\source\private\bossbullet.cpp(196,27): warning C4552: '%': result of expression not used
  bossbullet2.cpp
G:\okul\GP11\space-forces\source\private\bossbullet2.cpp(170,34): warning C4244: '+=': conversion from 'float' to 'int', possible loss of data
G:\okul\GP11\space-forces\source\private\bossbullet2.cpp(173,34): warning C4244: '=': conversion from 'float' to 'int', possible loss of data
  bullet.cpp
  camera.cpp
  collision.cpp
  debugproc.cpp
  effect.cpp
  enemy.cpp
G:\okul\GP11\space-forces\source\private\enemy.cpp(236,18): warning C4244: 'initializing': conversion from 'double' to 'float', possible loss of data
G:\okul\GP11\space-forces\source\private\enemy.cpp(249,23): warning C4244: 'initializing': conversion from 'double' to 'float', possible loss of data
G:\okul\GP11\space-forces\source\private\enemy.cpp(251,16): warning C4552: '*': result of expression not used
G:\okul\GP11\space-forces\source\private\enemy.cpp(252,16): warning C4552: '*': result of expression not used
  enemybullet.cpp
  fade.cpp
  file.cpp
  input.cpp
  main.cpp
G:\okul\GP11\space-forces\source\private\main.cpp(119,28): warning C4566: character represented by universal-character-name '\u0192' cannot be represented in the current code page (932)
G:\okul\GP11\space-forces\source\private\main.cpp(119,28): warning C4566: character represented by universal-character-name '\u201A' cannot be represented in the current code page (932)
G:\okul\GP11\space-forces\source\private\main.cpp(119,28): warning C4566: character represented by universal-character-name '\u0081' cannot be represented in the current code page (932)
G:\okul\GP11\space-forces\source\private\main.cpp(119,28): warning C4566: character represented by universal-character-name '\u00C5' cannot be represented in the current code page (932)
G:\okul\GP11\space-forces\source\private\main.cpp(119,28): warning C4566: character represented by universal-character-name '\u0152' cannot be represented in the current code page (932)
G:\okul\GP11\space-forces\source\private\main.cpp(119,28): warning C4566: character represented by universal-character-name '\u00B5' cannot be represented in the current code page (932)
G:\okul\GP11\space-forces\source\private\main.cpp(119,28): warning C4566: character represented by universal-character-name '\u00DC' cannot be represented in the current code page (932)
G:\okul\GP11\space-forces\source\private\main.cpp(119,28): warning C4566: character represented by universal-character-name '\u00B7' cannot be represented in the current code page (932)
G:\okul\GP11\space-forces\source\private\main.cpp(119,28): warning C4566: character represented by universal-character-name '\u00A9' cannot be represented in the current code page (932)
G:\okul\GP11\space-forces\source\private\main.cpp(119,87): warning C4566: character represented by universal-character-name '\u2039' cannot be represented in the current code page (932)
G:\okul\GP11\space-forces\source\private\main.cpp(119,87): warning C4566: character represented by universal-character-name '\u00AE' cannot be represented in the current code page (932)
G:\okul\GP11\space-forces\source\private\main.cpp(119,87): warning C4566: character represented by universal-character-name '\u0192' cannot be represented in the current code page (932)
G:\okul\GP11\space-forces\source\private\main.cpp(119,87): warning C4566: character represented by universal-character-name '\u201A' cannot be represented in the current code page (932)
G:\okul\GP11\space-forces\source\private\main.cpp(119,87): warning C4566: character represented by universal-character-name '\u0081' cannot be represented in the current code page (932)
  player.cpp
G:\okul\GP11\space-forces\source\private\player.cpp(191,30): warning C4805: '==': unsafe mix of type 'BOOL' and type 'bool' in operation
  renderer.cpp
  result.cpp
  score.cpp
  sound.cpp
  Generating Code...
  Compiling...
  sprite.cpp
  title.cpp
  tutorial.cpp
  Generating Code...
  sample.vcxproj -> G:\okul\GP11\space-forces\x64\Debug\sample.exe
